=== Inizio richiesta API menu.php === 2025-03-18 00:42:39Metodo: GETURL: /menu_digitale/api/menu.phpQuery string: Caricamento config.phpTentativo connessione al database✅ Connessione DB stabilitaCategoria richiesta: nessunaEsecuzione query tutte le categorieQuery SQL: SELECT 
                c.name,
                c.category_id,
                c.image_url,
                LOWER(REPLACE(c.name, ' ', '_')) as url_name
                FROM categories c 
                ORDER BY c.nameTrovate 2 categorieCategorie: Array
(
    [0] => Array
        (
            [name] => PIZZE
            [category_id] => 1
            [image_url] => images/categories/67d89afe34046_PIZZA-MARGHERITA.jpg
            [url_name] => pizze
        )

    [1] => Array
        (
            [name] => PRIMI
            [category_id] => 2
            [image_url] => images/categories/67d8b1b9389b4_Pici all'aglione_orizz.jpg
            [url_name] => primi
        )

)
Dati recuperati dal database✅ JSON generato con successoJSON: [
    {
        "name": "PIZZE",
        "category_id": 1,
        "image_url": "images\/categories\/67d89afe34046_PIZZA-MARGHERITA.jpg",
        "url_name": "pizze"
    },
    {
        "name": "PRIMI",
        "category_id": 2,
        "image_url": "images\/categories\/67d8b1b9389b4_Pici all'aglione_orizz.jpg",
        "url_name": "primi"
    }
]=== Fine richiesta API menu.php === 2025-03-18 00:42:39